[2020-06-16T14:01:50.811] [DEBUG] cheese - login => username:zs,password:123456
[2020-06-16T14:01:50.813] [DEBUG] cheese - zs
[2020-06-16T14:01:50.822] [DEBUG] cheese - null
[2020-06-16T14:01:50.823] [DEBUG] cheese - null
[2020-06-16T14:02:40.553] [DEBUG] cheese - login => username:admin,password:123456
[2020-06-16T14:02:40.554] [DEBUG] cheese - admin
[2020-06-16T14:02:40.560] [DEBUG] cheese - null
[2020-06-16T14:02:40.560] [DEBUG] cheese - null
[2020-06-17T15:12:34.872] [DEBUG] cheese - login => username:zs11,password:12311111
[2020-06-17T15:12:34.874] [DEBUG] cheese - zs11
[2020-06-17T15:12:34.893] [DEBUG] cheese - null
[2020-06-17T15:12:34.894] [DEBUG] cheese - null
[2020-06-17T15:16:47.064] [DEBUG] cheese - login => username:zs1111,password:123111111
[2020-06-17T15:16:47.064] [DEBUG] cheese - zs1111
[2020-06-17T15:16:47.069] [DEBUG] cheese - null
[2020-06-17T15:16:47.070] [DEBUG] cheese - null
[2020-06-17T15:16:56.788] [DEBUG] cheese - login => username:admin,password:123456
[2020-06-17T15:16:56.789] [DEBUG] cheese - admin
[2020-06-17T15:16:56.793] [DEBUG] cheese - null
[2020-06-17T15:16:56.793] [DEBUG] cheese - null
[2020-06-17T15:27:38.608] [DEBUG] cheese - login => username:zsadwdw,password:1231111
[2020-06-17T15:27:38.609] [DEBUG] cheese - zsadwdw
[2020-06-17T15:27:38.611] [DEBUG] cheese - null
[2020-06-17T15:27:38.612] [DEBUG] cheese - null
[2020-06-17T15:27:50.607] [DEBUG] cheese - login => username:admin,password:123456
[2020-06-17T15:27:50.607] [DEBUG] cheese - admin
[2020-06-17T15:27:50.610] [DEBUG] cheese - null
[2020-06-17T15:27:50.610] [DEBUG] cheese - null
[2020-06-18T14:35:20.836] [DEBUG] cheese - login => username:zs11,password:1231111
[2020-06-18T14:35:20.838] [DEBUG] cheese - zs11
[2020-06-18T14:35:20.855] [DEBUG] cheese - null
[2020-06-18T14:35:20.855] [DEBUG] cheese - null
[2020-06-18T14:38:38.952] [DEBUG] cheese - login => username:zs111,password:1232222
[2020-06-18T14:38:38.953] [DEBUG] cheese - zs111
[2020-06-18T14:38:38.957] [DEBUG] cheese - null
[2020-06-18T14:38:38.957] [DEBUG] cheese - null
[2020-06-18T14:41:21.601] [DEBUG] cheese - login => username:admin,password:123456
[2020-06-18T14:41:21.601] [DEBUG] cheese - admin
[2020-06-18T14:41:21.607] [DEBUG] cheese - null
[2020-06-18T14:41:21.607] [DEBUG] cheese - null
[2020-06-18T14:41:32.302] [DEBUG] cheese - login => username:admin,password:123456
[2020-06-18T14:41:32.302] [DEBUG] cheese - admin
[2020-06-18T14:41:32.305] [DEBUG] cheese - null
[2020-06-18T14:41:32.305] [DEBUG] cheese - null
[2020-06-18T14:45:23.866] [DEBUG] cheese - login => username:zs222,password:12311111
[2020-06-18T14:45:23.866] [DEBUG] cheese - zs222
[2020-06-18T14:45:23.871] [DEBUG] cheese - null
[2020-06-18T14:45:23.871] [DEBUG] cheese - null
[2020-06-18T14:45:29.966] [DEBUG] cheese - login => username:admin,password:123456
[2020-06-18T14:45:29.966] [DEBUG] cheese - admin
[2020-06-18T14:45:29.972] [DEBUG] cheese - null
[2020-06-18T14:45:29.972] [DEBUG] cheese - null
[2020-06-18T14:54:13.860] [DEBUG] cheese - login => username:admin,password:123456
[2020-06-18T14:54:13.861] [DEBUG] cheese - admin
[2020-06-18T14:54:13.864] [DEBUG] cheese - null
[2020-06-18T14:54:13.864] [DEBUG] cheese - null
[2020-06-18T14:57:57.484] [DEBUG] cheese - login => username:admin,password:123456
[2020-06-18T14:57:57.484] [DEBUG] cheese - admin
[2020-06-18T14:57:57.487] [DEBUG] cheese - null
[2020-06-18T14:57:57.488] [DEBUG] cheese - null
[2020-06-18T15:00:56.415] [DEBUG] cheese - login => username:admin,password:123456
[2020-06-18T15:00:56.415] [DEBUG] cheese - admin
[2020-06-18T15:00:56.418] [DEBUG] cheese - null
[2020-06-18T15:00:56.418] [DEBUG] cheese - null
[2020-06-18T15:01:16.146] [DEBUG] cheese - login => username:admin,password:123456
[2020-06-18T15:01:16.146] [DEBUG] cheese - admin
[2020-06-18T15:01:16.149] [DEBUG] cheese - null
[2020-06-18T15:01:16.149] [DEBUG] cheese - null
[2020-06-18T15:14:02.648] [DEBUG] cheese - login => username:admin,password:123456
[2020-06-18T15:14:02.648] [DEBUG] cheese - admin
[2020-06-18T15:14:02.653] [DEBUG] cheese - null
[2020-06-18T15:14:02.653] [DEBUG] cheese - null
[2020-06-18T15:25:56.630] [DEBUG] cheese - login => username:admin,password:123456
[2020-06-18T15:25:56.630] [DEBUG] cheese - admin
[2020-06-18T15:25:56.637] [DEBUG] cheese - null
[2020-06-18T15:25:56.637] [DEBUG] cheese - null
[2020-06-19T15:51:50.582] [DEBUG] cheese - login => username:admin,password:123456
[2020-06-19T15:51:50.584] [DEBUG] cheese - admin
[2020-06-19T15:51:50.607] [DEBUG] cheese - null
[2020-06-19T15:51:50.608] [DEBUG] cheese - null
[2020-06-19T15:52:08.420] [DEBUG] cheese - login => username:admin,password:123456
[2020-06-19T15:52:08.420] [DEBUG] cheese - admin
[2020-06-19T15:52:08.423] [DEBUG] cheese - null
[2020-06-19T15:52:08.423] [DEBUG] cheese - null
[2020-06-20T16:01:06.041] [DEBUG] cheese - login => username:admin,password:123456
[2020-06-20T16:01:06.042] [DEBUG] cheese - admin
[2020-06-20T16:01:06.059] [DEBUG] cheese - null
[2020-06-20T16:01:06.060] [DEBUG] cheese - null
[2020-06-20T16:38:20.889] [DEBUG] cheese - login => username:admin,password:123456
[2020-06-20T16:38:20.890] [DEBUG] cheese - admin
[2020-06-20T16:38:20.894] [DEBUG] cheese - null
[2020-06-20T16:38:20.895] [DEBUG] cheese - null
[2020-06-20T16:38:32.743] [DEBUG] cheese - login => username:admin,password:123456
[2020-06-20T16:38:32.743] [DEBUG] cheese - admin
[2020-06-20T16:38:32.746] [DEBUG] cheese - null
[2020-06-20T16:38:32.746] [DEBUG] cheese - null
[2020-06-20T16:41:02.372] [DEBUG] cheese - login => username:admin,password:123456
[2020-06-20T16:41:02.372] [DEBUG] cheese - admin
[2020-06-20T16:41:02.375] [DEBUG] cheese - null
[2020-06-20T16:41:02.375] [DEBUG] cheese - null
[2020-06-20T16:41:21.868] [DEBUG] cheese - login => username:admin,password:123456
[2020-06-20T16:41:21.868] [DEBUG] cheese - admin
[2020-06-20T16:41:21.870] [DEBUG] cheese - null
[2020-06-20T16:41:21.871] [DEBUG] cheese - null
[2020-06-20T20:45:50.593] [DEBUG] cheese - login => username:admin,password:123456
[2020-06-20T20:45:50.594] [DEBUG] cheese - admin
[2020-06-20T20:45:50.608] [DEBUG] cheese - null
[2020-06-20T20:45:50.608] [DEBUG] cheese - null
[2020-06-20T20:59:40.020] [DEBUG] cheese - login => username:admin,password:123456
[2020-06-20T20:59:40.020] [DEBUG] cheese - admin
[2020-06-20T20:59:40.025] [DEBUG] cheese - null
[2020-06-20T20:59:40.025] [DEBUG] cheese - null
[2020-06-20T22:15:29.017] [DEBUG] cheese - login => username:admin,password:123456
[2020-06-20T22:15:29.017] [DEBUG] cheese - admin
[2020-06-20T22:15:29.023] [DEBUG] cheese - null
[2020-06-20T22:15:29.023] [DEBUG] cheese - null
[2020-06-20T22:31:55.400] [DEBUG] cheese - login => username:admin,password:123456
[2020-06-20T22:31:55.400] [DEBUG] cheese - admin
[2020-06-20T22:31:55.402] [DEBUG] cheese - null
[2020-06-20T22:31:55.402] [DEBUG] cheese - null
[2020-06-20T22:33:32.746] [DEBUG] cheese - login => username:admin,password:123456
[2020-06-20T22:33:32.746] [DEBUG] cheese - admin
[2020-06-20T22:33:32.749] [DEBUG] cheese - null
[2020-06-20T22:33:32.749] [DEBUG] cheese - null
[2020-06-20T22:37:56.075] [DEBUG] cheese - login => username:admin,password:123456
[2020-06-20T22:37:56.075] [DEBUG] cheese - admin
[2020-06-20T22:37:56.079] [DEBUG] cheese - null
[2020-06-20T22:37:56.079] [DEBUG] cheese - null
[2020-06-21T08:20:09.096] [DEBUG] cheese - login => username:admin,password:123456
[2020-06-21T08:20:09.097] [DEBUG] cheese - admin
[2020-06-21T08:20:09.120] [DEBUG] cheese - null
[2020-06-21T08:20:09.121] [DEBUG] cheese - null
[2020-06-21T08:29:12.875] [DEBUG] cheese - login => username:admin,password:123456
[2020-06-21T08:29:12.875] [DEBUG] cheese - admin
[2020-06-21T08:29:12.878] [DEBUG] cheese - null
[2020-06-21T08:29:12.878] [DEBUG] cheese - null
[2020-06-21T16:23:41.089] [DEBUG] cheese - login => username:admin,password:123456
[2020-06-21T16:23:41.092] [DEBUG] cheese - admin
[2020-06-21T16:23:41.112] [DEBUG] cheese - null
[2020-06-21T16:23:41.113] [DEBUG] cheese - null
[2020-06-22T09:42:35.353] [DEBUG] cheese - login => username:admin,password:123456
[2020-06-22T09:42:35.354] [DEBUG] cheese - admin
[2020-06-22T09:42:35.376] [DEBUG] cheese - null
[2020-06-22T09:42:35.378] [DEBUG] cheese - null
[2020-06-22T09:53:04.180] [DEBUG] cheese - login => username:admin,password:123456
[2020-06-22T09:53:04.180] [DEBUG] cheese - admin
[2020-06-22T09:53:04.182] [DEBUG] cheese - null
[2020-06-22T09:53:04.182] [DEBUG] cheese - null
[2020-06-22T09:53:59.888] [DEBUG] cheese - login => username:admin,password:123456
[2020-06-22T09:53:59.888] [DEBUG] cheese - admin
[2020-06-22T09:53:59.891] [DEBUG] cheese - null
[2020-06-22T09:53:59.891] [DEBUG] cheese - null
[2020-06-22T09:57:30.931] [DEBUG] cheese - login => username:admin,password:123456
[2020-06-22T09:57:30.931] [DEBUG] cheese - admin
[2020-06-22T09:57:30.933] [DEBUG] cheese - null
[2020-06-22T09:57:30.933] [DEBUG] cheese - null
[2020-06-22T12:12:29.845] [DEBUG] cheese - login => username:admin,password:123456
[2020-06-22T12:12:29.845] [DEBUG] cheese - admin
[2020-06-22T12:12:29.849] [DEBUG] cheese - null
[2020-06-22T12:12:29.849] [DEBUG] cheese - null
[2020-06-22T15:01:22.429] [DEBUG] cheese - login => username:admin,password:123456
[2020-06-22T15:01:22.429] [DEBUG] cheese - admin
[2020-06-22T15:01:22.441] [DEBUG] cheese - null
[2020-06-22T15:01:22.441] [DEBUG] cheese - null
[2020-06-22T16:53:58.851] [DEBUG] cheese - login => username:admin,password:123456
[2020-06-22T16:53:58.852] [DEBUG] cheese - admin
[2020-06-22T16:53:58.858] [DEBUG] cheese - null
[2020-06-22T16:53:58.859] [DEBUG] cheese - null
[2020-06-22T16:55:34.264] [DEBUG] cheese - login => username:admin,password:123456
[2020-06-22T16:55:34.264] [DEBUG] cheese - admin
[2020-06-22T16:55:34.267] [DEBUG] cheese - null
[2020-06-22T16:55:34.267] [DEBUG] cheese - null
[2020-06-22T20:31:03.551] [DEBUG] cheese - login => username:admin,password:123456
[2020-06-22T20:31:03.553] [DEBUG] cheese - admin
[2020-06-22T20:31:03.567] [DEBUG] cheese - null
[2020-06-22T20:31:03.568] [DEBUG] cheese - null
[2020-06-22T20:39:03.165] [DEBUG] cheese - login => username:admin,password:123456
[2020-06-22T20:39:03.165] [DEBUG] cheese - admin
[2020-06-22T20:39:03.167] [DEBUG] cheese - null
[2020-06-22T20:39:03.167] [DEBUG] cheese - null
[2020-06-22T21:51:38.680] [DEBUG] cheese - login => username:admin,password:123456
[2020-06-22T21:51:38.680] [DEBUG] cheese - admin
[2020-06-22T21:51:38.683] [DEBUG] cheese - null
[2020-06-22T21:51:38.683] [DEBUG] cheese - null
[2020-06-22T21:52:18.996] [DEBUG] cheese - login => username:admin,password:123456
[2020-06-22T21:52:18.996] [DEBUG] cheese - admin
[2020-06-22T21:52:19.000] [DEBUG] cheese - null
[2020-06-22T21:52:19.000] [DEBUG] cheese - null
[2020-06-23T10:49:38.733] [DEBUG] cheese - login => username:admin,password:123456
[2020-06-23T10:49:38.735] [DEBUG] cheese - admin
[2020-06-23T10:49:38.759] [DEBUG] cheese - null
[2020-06-23T10:49:38.760] [DEBUG] cheese - null
[2020-06-23T11:00:00.486] [DEBUG] cheese - null
[2020-06-23T11:02:09.425] [DEBUG] cheese - null
[2020-06-23T11:04:44.744] [DEBUG] cheese - null
[2020-06-23T11:04:55.658] [DEBUG] cheese - null
[2020-06-23T11:05:02.355] [DEBUG] cheese - null
[2020-06-23T11:56:39.720] [DEBUG] cheese - login => username:admin,password:123456
[2020-06-23T11:56:39.720] [DEBUG] cheese - admin
[2020-06-23T11:56:39.729] [DEBUG] cheese - null
[2020-06-23T11:56:39.729] [DEBUG] cheese - null
[2020-06-23T13:07:57.746] [DEBUG] cheese - login => username:admin,password:123456
[2020-06-23T13:07:57.746] [DEBUG] cheese - admin
[2020-06-23T13:07:57.748] [DEBUG] cheese - null
[2020-06-23T13:07:57.749] [DEBUG] cheese - null
[2020-06-23T13:54:39.360] [DEBUG] cheese - null
[2020-06-23T14:50:47.948] [DEBUG] cheese - login => username:admin,password:123456
[2020-06-23T14:50:47.949] [DEBUG] cheese - admin
[2020-06-23T14:50:47.951] [DEBUG] cheese - null
[2020-06-23T14:50:47.951] [DEBUG] cheese - null
[2020-06-24T08:39:33.551] [DEBUG] cheese - login => username:admin,password:123456
[2020-06-24T08:39:33.552] [DEBUG] cheese - admin
[2020-06-24T08:39:33.565] [DEBUG] cheese - null
[2020-06-24T08:39:33.565] [DEBUG] cheese - null
[2020-06-24T09:05:59.985] [DEBUG] cheese - login => username:admin,password:123456
[2020-06-24T09:05:59.985] [DEBUG] cheese - admin
[2020-06-24T09:05:59.987] [DEBUG] cheese - null
[2020-06-24T09:05:59.987] [DEBUG] cheese - null
[2020-06-24T13:46:17.148] [DEBUG] cheese - login => username:admin,password:123456
[2020-06-24T13:46:17.156] [DEBUG] cheese - admin
[2020-06-24T13:46:17.176] [DEBUG] cheese - null
[2020-06-24T13:46:17.177] [DEBUG] cheese - null
[2020-06-24T13:58:56.682] [DEBUG] cheese - login => username:admin,password:123456
[2020-06-24T13:58:56.682] [DEBUG] cheese - admin
[2020-06-24T13:58:56.686] [DEBUG] cheese - null
[2020-06-24T13:58:56.686] [DEBUG] cheese - null
[2020-06-24T17:38:12.691] [DEBUG] cheese - login => username:admin,password:123456
[2020-06-24T17:38:12.692] [DEBUG] cheese - admin
[2020-06-24T17:38:12.699] [DEBUG] cheese - null
[2020-06-24T17:38:12.699] [DEBUG] cheese - null
[2020-06-24T18:06:48.129] [DEBUG] cheese - login => username:admin,password:123456
[2020-06-24T18:06:48.130] [DEBUG] cheese - admin
[2020-06-24T18:06:48.134] [DEBUG] cheese - null
[2020-06-24T18:06:48.134] [DEBUG] cheese - null
[2020-06-25T14:22:11.401] [DEBUG] cheese - login => username:admin,password:123456
[2020-06-25T14:22:11.402] [DEBUG] cheese - admin
[2020-06-25T14:22:11.428] [DEBUG] cheese - null
[2020-06-25T14:22:11.429] [DEBUG] cheese - null
[2020-06-26T15:01:05.499] [DEBUG] cheese - login => username:admin,password:123456
[2020-06-26T15:01:05.502] [DEBUG] cheese - admin
[2020-06-26T15:01:05.521] [DEBUG] cheese - null
[2020-06-26T15:01:05.522] [DEBUG] cheese - null
[2020-06-26T16:03:07.436] [DEBUG] cheese - login => username:admin,password:123456
[2020-06-26T16:03:07.438] [DEBUG] cheese - admin
[2020-06-26T16:03:07.443] [DEBUG] cheese - null
[2020-06-26T16:03:07.444] [DEBUG] cheese - null
[2020-06-27T10:04:10.881] [DEBUG] cheese - login => username:admin,password:123456
[2020-06-27T10:04:10.884] [DEBUG] cheese - admin
[2020-06-27T10:04:10.906] [DEBUG] cheese - null
[2020-06-27T10:04:10.906] [DEBUG] cheese - null
[2020-06-27T15:39:57.984] [DEBUG] cheese - login => username:admin,password:123456
[2020-06-27T15:39:57.985] [DEBUG] cheese - admin
[2020-06-27T15:39:57.989] [DEBUG] cheese - null
[2020-06-27T15:39:57.989] [DEBUG] cheese - null
[2020-06-28T10:17:48.139] [DEBUG] cheese - login => username:admin,password:123456
[2020-06-28T10:17:48.140] [DEBUG] cheese - admin
[2020-06-28T10:17:48.158] [DEBUG] cheese - null
[2020-06-28T10:17:48.158] [DEBUG] cheese - null
[2020-06-28T20:31:18.180] [DEBUG] cheese - login => username:admin,password:123456
[2020-06-28T20:31:18.182] [DEBUG] cheese - admin
[2020-06-28T20:31:18.208] [DEBUG] cheese - null
[2020-06-28T20:31:18.208] [DEBUG] cheese - null
[2020-06-28T22:50:58.154] [DEBUG] cheese - null
[2020-06-28T22:52:03.331] [DEBUG] cheese - null
[2020-06-28T22:56:13.293] [DEBUG] cheese - null
[2020-06-28T22:56:27.628] [DEBUG] cheese - null
[2020-06-28T22:56:59.565] [DEBUG] cheese - null
[2020-06-28T22:57:05.669] [DEBUG] cheese - null
[2020-06-28T22:57:22.611] [DEBUG] cheese - null
[2020-06-28T22:58:36.637] [DEBUG] cheese - null
[2020-06-28T23:01:27.387] [DEBUG] cheese - null
[2020-06-29T08:55:05.095] [DEBUG] cheese - login => username:admin,password:123456
[2020-06-29T08:55:05.097] [DEBUG] cheese - admin
[2020-06-29T08:55:05.116] [DEBUG] cheese - null
[2020-06-29T08:55:05.117] [DEBUG] cheese - null
[2020-06-29T09:40:32.902] [DEBUG] cheese - login => username:admin,password:123456
[2020-06-29T09:40:32.902] [DEBUG] cheese - admin
[2020-06-29T09:40:32.908] [DEBUG] cheese - null
[2020-06-29T09:40:32.908] [DEBUG] cheese - null
[2020-06-29T09:49:04.787] [DEBUG] cheese - login => username:admin,password:123456
[2020-06-29T09:49:04.787] [DEBUG] cheese - admin
[2020-06-29T09:49:04.792] [DEBUG] cheese - null
[2020-06-29T09:49:04.792] [DEBUG] cheese - null
[2020-06-29T09:51:31.028] [DEBUG] cheese - login => username:admin,password:123456
[2020-06-29T09:51:31.029] [DEBUG] cheese - admin
[2020-06-29T09:51:31.033] [DEBUG] cheese - null
[2020-06-29T09:51:31.033] [DEBUG] cheese - null
[2020-06-29T10:26:15.530] [DEBUG] cheese - login => username:admin,password:123456
[2020-06-29T10:26:15.531] [DEBUG] cheese - admin
[2020-06-29T10:26:15.534] [DEBUG] cheese - null
[2020-06-29T10:26:15.534] [DEBUG] cheese - null
[2020-06-29T11:22:16.171] [DEBUG] cheese - login => username:admin,password:123456
[2020-06-29T11:22:16.172] [DEBUG] cheese - admin
[2020-06-29T11:22:16.183] [DEBUG] cheese - null
[2020-06-29T11:22:16.183] [DEBUG] cheese - null
[2020-06-29T11:44:35.312] [DEBUG] cheese - login => username:admin,password:123456
[2020-06-29T11:44:35.312] [DEBUG] cheese - admin
[2020-06-29T11:44:35.316] [DEBUG] cheese - null
[2020-06-29T11:44:35.316] [DEBUG] cheese - null
[2020-06-29T14:32:31.408] [DEBUG] cheese - login => username:admin,password:123456
[2020-06-29T14:32:31.410] [DEBUG] cheese - admin
[2020-06-29T14:32:31.422] [DEBUG] cheese - null
[2020-06-29T14:32:31.423] [DEBUG] cheese - null
[2020-06-29T16:32:23.353] [DEBUG] cheese - login => username:admin,password:123456
[2020-06-29T16:32:23.355] [DEBUG] cheese - admin
[2020-06-29T16:32:23.373] [DEBUG] cheese - null
[2020-06-29T16:32:23.373] [DEBUG] cheese - null
[2020-06-29T16:54:20.340] [DEBUG] cheese - login => username:admin,password:123456
[2020-06-29T16:54:20.343] [DEBUG] cheese - admin
[2020-06-29T16:54:20.358] [DEBUG] cheese - null
[2020-06-29T16:54:20.360] [DEBUG] cheese - null
[2020-06-29T19:10:49.266] [DEBUG] cheese - login => username:admin,password:123456
[2020-06-29T19:10:49.267] [DEBUG] cheese - admin
[2020-06-29T19:10:49.287] [DEBUG] cheese - null
[2020-06-29T19:10:49.288] [DEBUG] cheese - null
[2020-07-06T18:27:59.053] [DEBUG] cheese - login => username:admin,password:123456
[2020-07-06T18:27:59.056] [DEBUG] cheese - admin
[2020-07-06T18:27:59.074] [DEBUG] cheese - null
[2020-07-06T18:27:59.075] [DEBUG] cheese - null
[2020-07-06T22:21:51.553] [DEBUG] cheese - login => username:admin,password:123456
[2020-07-06T22:21:51.554] [DEBUG] cheese - admin
[2020-07-06T22:21:51.572] [DEBUG] cheese - null
[2020-07-06T22:21:51.572] [DEBUG] cheese - null
[2020-07-06T22:24:53.808] [DEBUG] cheese - login => username:admin,password:123456
[2020-07-06T22:24:53.808] [DEBUG] cheese - admin
[2020-07-06T22:24:53.813] [DEBUG] cheese - null
[2020-07-06T22:24:53.813] [DEBUG] cheese - null
